d:\уник\4 сем\мп\lab04\lab04 (mp)\consoleapplication1\x64\debug\vc143.pdb
d:\уник\4 сем\мп\lab04\lab04 (mp)\consoleapplication1\x64\debug\vc143.idb
d:\уник\4 сем\мп\lab04\lab04 (mp)\consoleapplication1\x64\debug\leven.obj
d:\уник\4 сем\мп\lab04\lab04 (mp)\consoleapplication1\x64\debug\second (левенштейн).obj
d:\уник\4 сем\мп\lab04\lab04 (mp)\x64\debug\second.pdb
d:\уник\4 сем\мп\lab04\lab04 (mp)\consoleapplication1\x64\debug\second.tlog\cl.command.1.tlog
d:\уник\4 сем\мп\lab04\lab04 (mp)\consoleapplication1\x64\debug\second.tlog\cl.items.tlog
d:\уник\4 сем\мп\lab04\lab04 (mp)\consoleapplication1\x64\debug\second.tlog\cl.read.1.tlog
d:\уник\4 сем\мп\lab04\lab04 (mp)\consoleapplication1\x64\debug\second.tlog\cl.write.1.tlog
d:\уник\4 сем\мп\lab04\lab04 (mp)\consoleapplication1\x64\debug\second.tlog\link.2804-cvtres.read.1.tlog
d:\уник\4 сем\мп\lab04\lab04 (mp)\consoleapplication1\x64\debug\second.tlog\link.2804-cvtres.write.1.tlog
d:\уник\4 сем\мп\lab04\lab04 (mp)\consoleapplication1\x64\debug\second.tlog\link.2804-rc.read.1.tlog
d:\уник\4 сем\мп\lab04\lab04 (mp)\consoleapplication1\x64\debug\second.tlog\link.2804-rc.write.1.tlog
d:\уник\4 сем\мп\lab04\lab04 (mp)\consoleapplication1\x64\debug\second.tlog\link.2804.read.1.tlog
d:\уник\4 сем\мп\lab04\lab04 (mp)\consoleapplication1\x64\debug\second.tlog\link.2804.read.2.tlog
d:\уник\4 сем\мп\lab04\lab04 (mp)\consoleapplication1\x64\debug\second.tlog\link.2804.read.3.tlog
d:\уник\4 сем\мп\lab04\lab04 (mp)\consoleapplication1\x64\debug\second.tlog\link.2804.read.4.tlog
d:\уник\4 сем\мп\lab04\lab04 (mp)\consoleapplication1\x64\debug\second.tlog\link.2804.write.1.tlog
d:\уник\4 сем\мп\lab04\lab04 (mp)\consoleapplication1\x64\debug\second.tlog\link.command.1.tlog
d:\уник\4 сем\мп\lab04\lab04 (mp)\consoleapplication1\x64\debug\second.tlog\link.read.1.tlog
d:\уник\4 сем\мп\lab04\lab04 (mp)\consoleapplication1\x64\debug\second.tlog\link.write.1.tlog
