Сборка начата 28.03.2025 21:56:19.
Уровень детализации журнала: Normal.     1>Проект "D:\уник\4 сем\МП\lab04\lab04 (mp)\fifth\fifth.vcxproj" в узле 2 (целевые объекты Build).
     1>InitializeBuildStatus:
         Создание "x64\Debug\fifth.tlog\unsuccessfulbuild", так как было задано "AlwaysCreate".
         Обращение к "x64\Debug\fifth.tlog\unsuccessfulbuild".
       ClCompile:
         C:\Program Files\Microsoft Visual Studio\2022\Preview\VC\Tools\MSVC\14.38.32919\bin\HostX64\x64\CL.exe /c /ZI /JMC /nologo /W3 /WX- /diagnostics:column /sdl /Od /D _DEBUG /D _CONSOLE /D _UNICODE /D UNICODE /Gm- /EHsc /RTC1 /MDd /GS /fp:precise /Zc:wchar_t /Zc:forScope /Zc:inline /permissive- /Fo"x64\Debug\\" /Fd"x64\Debug\vc143.pdb" /external:W3 /Gd /TP /FC /errorReport:prompt fifth.cpp
         fifth.cpp
       Link:
         C:\Program Files\Microsoft Visual Studio\2022\Preview\VC\Tools\MSVC\14.38.32919\bin\HostX64\x64\link.exe /ERRORREPORT:PROMPT /OUT:"D:\уник\4 сем\МП\lab04\lab04 (mp)\x64\Debug\fifth.exe" /INCREMENTAL /ILK:"x64\Debug\fifth.ilk" /NOLOGO kernel32.lib user32.lib gdi32.lib winspool.lib comdlg32.lib advapi32.lib shell32.lib ole32.lib oleaut32.lib uuid.lib odbc32.lib odbccp32.lib /MANIFEST /MANIFESTUAC:"level='asInvoker' uiAccess='false'" /manifest:embed /DEBUG /PDB:"D:\уник\4 сем\МП\lab04\lab04 (mp)\x64\Debug\fifth.pdb" /SUBSYSTEM:CONSOLE /TLBID:1 /DYNAMICBASE /NXCOMPAT /IMPLIB:"D:\уник\4 сем\МП\lab04\lab04 (mp)\x64\Debug\fifth.lib" /MACHINE:X64 x64\Debug\fifth.obj
         x64\Debug\LCS.obj
         fifth.vcxproj -> D:\уник\4 сем\МП\lab04\lab04 (mp)\x64\Debug\fifth.exe
       FinalizeBuildStatus:
         Файл "x64\Debug\fifth.tlog\unsuccessfulbuild" удаляется.
         Обращение к "x64\Debug\fifth.tlog\fifth.lastbuildstate".
     1>Сборка проекта "D:\уник\4 сем\МП\lab04\lab04 (mp)\fifth\fifth.vcxproj" завершена (целевые объекты Build).

Сборка успешно завершена.
    Предупреждений: 0
    Ошибок: 0

Прошло времени 00:00:01.04
