d:\уник\4 сем\мп\lab01\lab01 (mp)\fibonachi\x64\debug\vc143.pdb
d:\уник\4 сем\мп\lab01\lab01 (mp)\fibonachi\x64\debug\vc143.idb
d:\уник\4 сем\мп\lab01\lab01 (mp)\fibonachi\x64\debug\fibonachi.obj
d:\уник\4 сем\мп\lab01\lab01 (mp)\x64\debug\fibonachi.pdb
d:\уник\4 сем\мп\lab01\lab01 (mp)\fibonachi\x64\debug\fibonachi.tlog\cl.command.1.tlog
d:\уник\4 сем\мп\lab01\lab01 (mp)\fibonachi\x64\debug\fibonachi.tlog\cl.items.tlog
d:\уник\4 сем\мп\lab01\lab01 (mp)\fibonachi\x64\debug\fibonachi.tlog\cl.read.1.tlog
d:\уник\4 сем\мп\lab01\lab01 (mp)\fibonachi\x64\debug\fibonachi.tlog\cl.write.1.tlog
d:\уник\4 сем\мп\lab01\lab01 (mp)\fibonachi\x64\debug\fibonachi.tlog\link.19792-cvtres.read.1.tlog
d:\уник\4 сем\мп\lab01\lab01 (mp)\fibonachi\x64\debug\fibonachi.tlog\link.19792-cvtres.write.1.tlog
d:\уник\4 сем\мп\lab01\lab01 (mp)\fibonachi\x64\debug\fibonachi.tlog\link.19792-rc.read.1.tlog
d:\уник\4 сем\мп\lab01\lab01 (mp)\fibonachi\x64\debug\fibonachi.tlog\link.19792-rc.write.1.tlog
d:\уник\4 сем\мп\lab01\lab01 (mp)\fibonachi\x64\debug\fibonachi.tlog\link.19792.read.1.tlog
d:\уник\4 сем\мп\lab01\lab01 (mp)\fibonachi\x64\debug\fibonachi.tlog\link.19792.read.2.tlog
d:\уник\4 сем\мп\lab01\lab01 (mp)\fibonachi\x64\debug\fibonachi.tlog\link.19792.read.3.tlog
d:\уник\4 сем\мп\lab01\lab01 (mp)\fibonachi\x64\debug\fibonachi.tlog\link.19792.read.4.tlog
d:\уник\4 сем\мп\lab01\lab01 (mp)\fibonachi\x64\debug\fibonachi.tlog\link.19792.write.1.tlog
d:\уник\4 сем\мп\lab01\lab01 (mp)\fibonachi\x64\debug\fibonachi.tlog\link.command.1.tlog
d:\уник\4 сем\мп\lab01\lab01 (mp)\fibonachi\x64\debug\fibonachi.tlog\link.read.1.tlog
d:\уник\4 сем\мп\lab01\lab01 (mp)\fibonachi\x64\debug\fibonachi.tlog\link.write.1.tlog
