Сборка начата 15.03.2025 12:36:29.
Уровень детализации журнала: Normal.     1>Проект "D:\уник\4 сем\МП\lab02\lab02(mp)\lab02(mp)\lab02(mp).vcxproj" в узле 2 (целевые объекты Build).
     1>C:\Program Files\Microsoft Visual Studio\2022\Preview\MSBuild\Microsoft\VC\v170\Microsoft.CppBuild.targets(531,5): warning MSB8028: промежуточный каталог (x64\Debug\) содержит файлы, которые используются совместно с другим проектом (Generator.vcxproj, Set generator.vcxproj).  Это может привести к ошибкам очистки и перестроения.
         Создание каталога "x64\Debug\Подмножества.tlog\".
     1>InitializeBuildStatus:
         Создание "x64\Debug\Подмножества.tlog\unsuccessfulbuild", так как было задано "AlwaysCreate".
         Обращение к "x64\Debug\Подмножества.tlog\unsuccessfulbuild".
       ClCompile:
         C:\Program Files\Microsoft Visual Studio\2022\Preview\VC\Tools\MSVC\14.38.32919\bin\HostX64\x64\CL.exe /c /ZI /JMC /nologo /W3 /WX- /diagnostics:column /sdl /Od /D _DEBUG /D _CONSOLE /D _UNICODE /D UNICODE /Gm- /EHsc /RTC1 /MDd /GS /fp:precise /Zc:wchar_t /Zc:forScope /Zc:inline /permissive- /Fo"x64\Debug\\" /Fd"x64\Debug\vc143.pdb" /external:W3 /Gd /TP /FC /errorReport:prompt Combi.cpp Main.cpp
         Combi.cpp
     1>D:\уник\4 сем\МП\lab02\lab02(mp)\lab02(mp)\Combi.cpp(46,37): warning C4334: <<: результат 32-разрядного смещения неявно преобразуется в 64-разрядное значение (предполагалось 64-разрядное смещение?)
         Main.cpp
         Создание кода...
       Link:
         C:\Program Files\Microsoft Visual Studio\2022\Preview\VC\Tools\MSVC\14.38.32919\bin\HostX64\x64\link.exe /ERRORREPORT:PROMPT /OUT:"D:\уник\4 сем\МП\lab02\lab02(mp)\x64\Debug\Подмножества.exe" /INCREMENTAL /ILK:"x64\Debug\Подмножества.ilk" /NOLOGO kernel32.lib user32.lib gdi32.lib winspool.lib comdlg32.lib advapi32.lib shell32.lib ole32.lib oleaut32.lib uuid.lib odbc32.lib odbccp32.lib /MANIFEST /MANIFESTUAC:"level='asInvoker' uiAccess='false'" /manifest:embed /DEBUG /PDB:"D:\уник\4 сем\МП\lab02\lab02(mp)\x64\Debug\Подмножества.pdb" /SUBSYSTEM:CONSOLE /TLBID:1 /DYNAMICBASE /NXCOMPAT /IMPLIB:"D:\уник\4 сем\МП\lab02\lab02(mp)\x64\Debug\Подмножества.lib" /MACHINE:X64 x64\Debug\Combi.obj
         x64\Debug\Main.obj
         lab02(mp).vcxproj -> D:\уник\4 сем\МП\lab02\lab02(mp)\x64\Debug\Подмножества.exe
       FinalizeBuildStatus:
         Файл "x64\Debug\Подмножества.tlog\unsuccessfulbuild" удаляется.
         Обращение к "x64\Debug\Подмножества.tlog\Подмножества.lastbuildstate".
     1>Сборка проекта "D:\уник\4 сем\МП\lab02\lab02(mp)\lab02(mp)\lab02(mp).vcxproj" завершена (целевые объекты Build).

Сборка успешно завершена.

       "D:\уник\4 сем\МП\lab02\lab02(mp)\lab02(mp)\lab02(mp).vcxproj" (целевой объект Build ) (1) ->
       (Целевой объект PrepareForBuild) -> 
         C:\Program Files\Microsoft Visual Studio\2022\Preview\MSBuild\Microsoft\VC\v170\Microsoft.CppBuild.targets(531,5): warning MSB8028: промежуточный каталог (x64\Debug\) содержит файлы, которые используются совместно с другим проектом (Generator.vcxproj, Set generator.vcxproj).  Это может привести к ошибкам очистки и перестроения.


       "D:\уник\4 сем\МП\lab02\lab02(mp)\lab02(mp)\lab02(mp).vcxproj" (целевой объект Build ) (1) ->
       (Целевой объект ClCompile) -> 
         D:\уник\4 сем\МП\lab02\lab02(mp)\lab02(mp)\Combi.cpp(46,37): warning C4334: <<: результат 32-разрядного смещения неявно преобразуется в 64-разрядное значение (предполагалось 64-разрядное смещение?)

    Предупреждений: 2
    Ошибок: 0

Прошло времени 00:00:01.02
